2010115335809
result: 1

2010115335813
result: 1

2010115335828
result: 1

2010115335832
result: 1

2010115335847
result: 1

2010115335851
result: 1

2010115335866
result: 1

2010115335870
result: 1

2010115335885
result: 1

201011533589X
result: 1

2010115335902
result: 1

2010115335917
result: 1

2010115335921
result: 1

2010115335936
result: 1

2010115335940
result: 1

2010115335955
result: 1

201011533596X
result: 1

2010115335974
result: 1

2010115335989
result: 1

2010115335993
result: 1

2010115336002
result: 1

2010115336017
result: 1

2010115336021
result: 1

2010115336036
result: 1

2010115336040
result: 1

2010115336055
result: 1

201011533606X
result: 1

2010115336074
result: 1

2010115336089
result: 1

2010115336093
result: 1

2010115336106
result: 1
